Using pre-set license
Built from '2020.2/release' branch; Version is '2020.2.0f1 (3721df5a8b28) revision 3613151'; Using compiler version '192528614'; Build Type 'Release'
OS: 'Windows 10  (10.0.0) 64bit' Language: 'en' Physical Memory: 8012 MB
BatchMode: 1, IsHumanControllingUs: 0, StartBugReporterOnCrash: 0, Is64bit: 1, IsPro: 0

 COMMAND LINE ARGUMENTS:
A:\Unity\Unity\2020.2.0f1\Editor\Unity.exe
-adb2
-batchMode
-noUpm
-name
AssetImportWorker0
-projectPath
A:/Unity projects/GitHub/Keybord/New Unity Project
-logFile
Logs/AssetImportWorker0.log
-srvPort
62739
Successfully changed project path to: A:/Unity projects/GitHub/Keybord/New Unity Project
A:/Unity projects/GitHub/Keybord/New Unity Project
Using Asset Import Pipeline V2.
Refreshing native plugins compatible for Editor in 22.96 ms, found 0 plugins.
Preloading 0 native plugins for Editor in 0.00 ms.
Initialize engine version: 2020.2.0f1 (3721df5a8b28)
[Subsystems] Discovering subsystems at path A:/Unity/Unity/2020.2.0f1/Editor/Data/Resources/UnitySubsystems
[Subsystems] Discovering subsystems at path A:/Unity projects/GitHub/Keybord/New Unity Project/Assets
GfxDevice: creating device client; threaded=0
Direct3D:
    Version:  Direct3D 11.0 [level 11.1]
    Renderer: NVIDIA GeForce GTX 1050 Ti (ID=0x1c8c)
    Vendor:   
    VRAM:     4018 MB
    Driver:   27.21.14.6172
Initialize mono
Mono path[0] = 'A:/Unity/Unity/2020.2.0f1/Editor/Data/Managed'
Mono path[1] = 'A:/Unity/Unity/2020.2.0f1/Editor/Data/MonoBleedingEdge/lib/mono/unityjit'
Mono config path = 'A:/Unity/Unity/2020.2.0f1/Editor/Data/MonoBleedingEdge/etc'
Using monoOptions --debugger-agent=transport=dt_socket,embedding=1,server=y,suspend=n,address=127.0.0.1:56580
Begin MonoManager ReloadAssembly
Registering precompiled unity dll's ...
Register platform support module: A:/Unity/Unity/2020.2.0f1/Editor/Data/PlaybackEngines/WebGLSupport/UnityEditor.WebGL.Extensions.dll
Register platform support module: A:/Unity/Unity/2020.2.0f1/Editor/Data/PlaybackEngines/MacStandaloneSupport/UnityEditor.OSXStandalone.Extensions.dll
Register platform support module: A:/Unity/Unity/2020.2.0f1/Editor/Data/PlaybackEngines/WindowsStandaloneSupport/UnityEditor.WindowsStandalone.Extensions.dll
Registered in 0.003434 seconds.
Native extension for WindowsStandalone target not found
Native extension for OSXStandalone target not found
Native extension for WebGL target not found
Refreshing native plugins compatible for Editor in 21.69 ms, found 0 plugins.
Preloading 0 native plugins for Editor in 0.00 ms.
Invoked RoslynAnalysisRunner static constructor.
RoslynAnalysisRunner will not be running.
RoslynAnalysisRunner has terminated.
Mono: successfully reloaded assembly
- Completed reload, in  2.763 seconds
Platform modules already initialized, skipping
Registering precompiled user dll's ...
Registered in 0.001204 seconds.
Begin MonoManager ReloadAssembly
Native extension for WindowsStandalone target not found
Native extension for OSXStandalone target not found
Native extension for WebGL target not found
Refreshing native plugins compatible for Editor in 0.21 ms, found 0 plugins.
Preloading 0 native plugins for Editor in 0.00 ms.
Invoked RoslynAnalysisRunner static constructor.
RoslynAnalysisRunner will not be running.
RoslynAnalysisRunner has terminated.
Mono: successfully reloaded assembly
- Completed reload, in  0.915 seconds
Platform modules already initialized, skipping
========================================================================
Worker process is ready to serve import requests
Launched and connected shader compiler UnityShaderCompiler.exe after 0.06 seconds
Refreshing native plugins compatible for Editor in 0.20 ms, found 0 plugins.
Preloading 0 native plugins for Editor in 0.00 ms.
Unloading 1094 Unused Serialized files (Serialized files now loaded: 0)
System memory in use before: 56.3 MB.
System memory in use after: 56.4 MB.

Unloading 10 unused Assets to reduce memory usage. Loaded Objects now: 1535.
Total: 1.751600 ms (FindLiveObjects: 0.164000 ms CreateObjectMapping: 0.041100 ms MarkObjects: 1.488400 ms  DeleteObjects: 0.057100 ms)

========================================================================
Received Import Request.
  path: Assets
  artifactKey: Guid(00000000000000001000000000000000) Importer(815301076,1909f56bfc062723c751e8b465ee728b)
Start importing Assets using Guid(00000000000000001000000000000000) Importer(815301076,1909f56bfc062723c751e8b465ee728b)  -> (artifact id: 'b41cfa13f056e58f64cf5f3363de7353') in 0.018261 seconds
  Import took 0.020858 seconds .

========================================================================
Received Import Request.
  Time since last request: 3.484860 seconds.
  path: Assets/Scripts
  artifactKey: Guid(556b5d32f872a834887f25accb6f7931) Importer(815301076,1909f56bfc062723c751e8b465ee728b)
Start importing Assets/Scripts using Guid(556b5d32f872a834887f25accb6f7931) Importer(815301076,1909f56bfc062723c751e8b465ee728b)  -> (artifact id: 'dc2ee84d827ba9485e185e8ea12b6a75') in 0.010344 seconds
  Import took 0.012304 seconds .

========================================================================
Received Import Request.
  Time since last request: 41.532282 seconds.
  path: Assets/Models
  artifactKey: Guid(0b7d85fd733da564097e3ccc1c604ca7) Importer(815301076,1909f56bfc062723c751e8b465ee728b)
Start importing Assets/Models using Guid(0b7d85fd733da564097e3ccc1c604ca7) Importer(815301076,1909f56bfc062723c751e8b465ee728b)  -> (artifact id: 'e9a861e9754d51447f973b48bdda527e') in 0.007333 seconds
  Import took 0.011185 seconds .

========================================================================
Received Import Request.
  Time since last request: 0.003298 seconds.
  path: Assets/Models
  artifactKey: Guid(0b7d85fd733da564097e3ccc1c604ca7) Importer(815301076,1909f56bfc062723c751e8b465ee728b)
Start importing Assets/Models using Guid(0b7d85fd733da564097e3ccc1c604ca7) Importer(815301076,1909f56bfc062723c751e8b465ee728b)  -> (artifact id: 'e9a861e9754d51447f973b48bdda527e') in 0.002067 seconds
  Import took 0.004129 seconds .

========================================================================
Received Import Request.
  Time since last request: 19.956877 seconds.
  path: Assets/Scenes
  artifactKey: Guid(04cb87887b60f9e448cb9d1a27a2654a) Importer(815301076,1909f56bfc062723c751e8b465ee728b)
Start importing Assets/Scenes using Guid(04cb87887b60f9e448cb9d1a27a2654a) Importer(815301076,1909f56bfc062723c751e8b465ee728b)  -> (artifact id: 'e8886a9b4c8b8845ce6f6f5f99d53cde') in 0.007855 seconds
  Import took 0.009860 seconds .

========================================================================
Received Import Request.
  Time since last request: 317.095679 seconds.
  path: Assets/Models/keybord.obj.blend
  artifactKey: Guid(b4b2f348ecc728942b94f0b680ddca00) Importer(815301076,1909f56bfc062723c751e8b465ee728b)
Start importing Assets/Models/keybord.obj.blend using Guid(b4b2f348ecc728942b94f0b680ddca00) Importer(815301076,1909f56bfc062723c751e8b465ee728b)  -> (artifact id: '4031f559749216980add3c8abf026b57') in 0.867402 seconds
  Import took 0.870673 seconds .

========================================================================
Received Import Request.
  Time since last request: 1194.734842 seconds.
  path: Assets/Scripts/Keyboard.cs
  artifactKey: Guid(1347810720e8e13488e73bbcdd2f5c36) Importer(815301076,1909f56bfc062723c751e8b465ee728b)
Start importing Assets/Scripts/Keyboard.cs using Guid(1347810720e8e13488e73bbcdd2f5c36) Importer(815301076,1909f56bfc062723c751e8b465ee728b)  -> (artifact id: 'b436c8415189047b6e4bd8af573c6df2') in 0.026759 seconds
  Import took 0.029427 seconds .

========================================================================
Received Prepare
Registering precompiled user dll's ...
Registered in 0.000488 seconds.
Begin MonoManager ReloadAssembly
Native extension for WindowsStandalone target not found
Native extension for OSXStandalone target not found
Native extension for WebGL target not found
Refreshing native plugins compatible for Editor in 0.23 ms, found 0 plugins.
Preloading 0 native plugins for Editor in 0.00 ms.
Invoked RoslynAnalysisRunner static constructor.
RoslynAnalysisRunner will not be running.
RoslynAnalysisRunner has terminated.
Mono: successfully reloaded assembly
- Completed reload, in  0.820 seconds
Platform modules already initialized, skipping
Refreshing native plugins compatible for Editor in 0.47 ms, found 0 plugins.
Preloading 0 native plugins for Editor in 0.00 ms.
Unloading 1090 Unused Serialized files (Serialized files now loaded: 0)
System memory in use before: 60.2 MB.
System memory in use after: 60.3 MB.

Unloading 5 unused Assets to reduce memory usage. Loaded Objects now: 1581.
Total: 1.799300 ms (FindLiveObjects: 0.130600 ms CreateObjectMapping: 0.032900 ms MarkObjects: 1.595100 ms  DeleteObjects: 0.039800 ms)

========================================================================
Received Prepare
Registering precompiled user dll's ...
Registered in 0.000643 seconds.
Begin MonoManager ReloadAssembly
Native extension for WindowsStandalone target not found
Native extension for OSXStandalone target not found
Native extension for WebGL target not found
Refreshing native plugins compatible for Editor in 0.19 ms, found 0 plugins.
Preloading 0 native plugins for Editor in 0.00 ms.
Invoked RoslynAnalysisRunner static constructor.
RoslynAnalysisRunner will not be running.
RoslynAnalysisRunner has terminated.
Mono: successfully reloaded assembly
- Completed reload, in  0.748 seconds
Platform modules already initialized, skipping
Refreshing native plugins compatible for Editor in 0.19 ms, found 0 plugins.
Preloading 0 native plugins for Editor in 0.00 ms.
Unloading 1090 Unused Serialized files (Serialized files now loaded: 0)
System memory in use before: 60.4 MB.
System memory in use after: 60.4 MB.

Unloading 5 unused Assets to reduce memory usage. Loaded Objects now: 1583.
Total: 1.752800 ms (FindLiveObjects: 0.306500 ms CreateObjectMapping: 0.065700 ms MarkObjects: 1.334500 ms  DeleteObjects: 0.044400 ms)

========================================================================
Received Import Request.
  Time since last request: 215.206856 seconds.
  path: Assets/Scripts/Keyboard.cs
  artifactKey: Guid(1347810720e8e13488e73bbcdd2f5c36) Importer(815301076,1909f56bfc062723c751e8b465ee728b)
Start importing Assets/Scripts/Keyboard.cs using Guid(1347810720e8e13488e73bbcdd2f5c36) Importer(815301076,1909f56bfc062723c751e8b465ee728b)  -> (artifact id: '38b44e2a8025b97716e8dc711d7b9979') in 0.003318 seconds
  Import took 0.005257 seconds .

========================================================================
Received Import Request.
  Time since last request: 385.014387 seconds.
  path: Assets/Scripts/Keyboard.cs
  artifactKey: Guid(1347810720e8e13488e73bbcdd2f5c36) Importer(815301076,1909f56bfc062723c751e8b465ee728b)
Start importing Assets/Scripts/Keyboard.cs using Guid(1347810720e8e13488e73bbcdd2f5c36) Importer(815301076,1909f56bfc062723c751e8b465ee728b)  -> (artifact id: '3d841ab82fb9fe5be2f0c465e5379f25') in 0.002150 seconds
  Import took 0.004782 seconds .

========================================================================
Received Prepare
Registering precompiled user dll's ...
Registered in 0.000538 seconds.
Begin MonoManager ReloadAssembly
Native extension for WindowsStandalone target not found
Native extension for OSXStandalone target not found
Native extension for WebGL target not found
Refreshing native plugins compatible for Editor in 0.20 ms, found 0 plugins.
Preloading 0 native plugins for Editor in 0.00 ms.
Invoked RoslynAnalysisRunner static constructor.
RoslynAnalysisRunner will not be running.
RoslynAnalysisRunner has terminated.
Mono: successfully reloaded assembly
- Completed reload, in  0.753 seconds
Platform modules already initialized, skipping
Refreshing native plugins compatible for Editor in 0.19 ms, found 0 plugins.
Preloading 0 native plugins for Editor in 0.00 ms.
Unloading 1090 Unused Serialized files (Serialized files now loaded: 0)
System memory in use before: 60.5 MB.
System memory in use after: 60.6 MB.

Unloading 5 unused Assets to reduce memory usage. Loaded Objects now: 1585.
Total: 1.610200 ms (FindLiveObjects: 0.234800 ms CreateObjectMapping: 0.036200 ms MarkObjects: 1.283800 ms  DeleteObjects: 0.053300 ms)

========================================================================
Received Import Request.
  Time since last request: 1038.993515 seconds.
  path: Assets/Scripts/Keyboard.cs
  artifactKey: Guid(1347810720e8e13488e73bbcdd2f5c36) Importer(815301076,1909f56bfc062723c751e8b465ee728b)
Start importing Assets/Scripts/Keyboard.cs using Guid(1347810720e8e13488e73bbcdd2f5c36) Importer(815301076,1909f56bfc062723c751e8b465ee728b)  -> (artifact id: '0a3f6ffddc4b71ac124287e2f0e7f239') in 0.003551 seconds
  Import took 0.005649 seconds .

========================================================================
Received Import Request.
  Time since last request: 295.270349 seconds.
  path: Assets/Models/keybord.blend
  artifactKey: Guid(12de23b778a7f4647bd121717241a7d4) Importer(815301076,1909f56bfc062723c751e8b465ee728b)
Start importing Assets/Models/keybord.blend using Guid(12de23b778a7f4647bd121717241a7d4) Importer(815301076,1909f56bfc062723c751e8b465ee728b)  -> (artifact id: 'a70cd5cf13f1c2d10dfdb9c69fceec1a') in 0.742194 seconds
  Import took 0.745873 seconds .

========================================================================
Received Prepare
Registering precompiled user dll's ...
Registered in 0.000510 seconds.
Begin MonoManager ReloadAssembly
Native extension for WindowsStandalone target not found
Native extension for OSXStandalone target not found
Native extension for WebGL target not found
Refreshing native plugins compatible for Editor in 0.21 ms, found 0 plugins.
Preloading 0 native plugins for Editor in 0.00 ms.
Invoked RoslynAnalysisRunner static constructor.
RoslynAnalysisRunner will not be running.
RoslynAnalysisRunner has terminated.
Mono: successfully reloaded assembly
- Completed reload, in  0.743 seconds
Platform modules already initialized, skipping
Refreshing native plugins compatible for Editor in 0.20 ms, found 0 plugins.
Preloading 0 native plugins for Editor in 0.00 ms.
Unloading 1103 Unused Serialized files (Serialized files now loaded: 0)
System memory in use before: 62.4 MB.
System memory in use after: 61.8 MB.

Unloading 18 unused Assets to reduce memory usage. Loaded Objects now: 1588.
Total: 1.965800 ms (FindLiveObjects: 0.124300 ms CreateObjectMapping: 0.037100 ms MarkObjects: 1.532900 ms  DeleteObjects: 0.270400 ms)

========================================================================
Received Prepare
Registering precompiled user dll's ...
Registered in 0.000507 seconds.
Begin MonoManager ReloadAssembly
Native extension for WindowsStandalone target not found
Native extension for OSXStandalone target not found
Native extension for WebGL target not found
Refreshing native plugins compatible for Editor in 0.19 ms, found 0 plugins.
Preloading 0 native plugins for Editor in 0.00 ms.
Invoked RoslynAnalysisRunner static constructor.
RoslynAnalysisRunner will not be running.
RoslynAnalysisRunner has terminated.
Mono: successfully reloaded assembly
- Completed reload, in  0.762 seconds
Platform modules already initialized, skipping
Refreshing native plugins compatible for Editor in 0.29 ms, found 0 plugins.
Preloading 0 native plugins for Editor in 0.00 ms.
Unloading 1103 Unused Serialized files (Serialized files now loaded: 0)
System memory in use before: 62.5 MB.
System memory in use after: 62.0 MB.

Unloading 18 unused Assets to reduce memory usage. Loaded Objects now: 1590.
Total: 1.839300 ms (FindLiveObjects: 0.166900 ms CreateObjectMapping: 0.044100 ms MarkObjects: 1.339400 ms  DeleteObjects: 0.287500 ms)

========================================================================
Received Prepare
Registering precompiled user dll's ...
Registered in 0.000999 seconds.
Begin MonoManager ReloadAssembly
Native extension for WindowsStandalone target not found
Native extension for OSXStandalone target not found
Native extension for WebGL target not found
Refreshing native plugins compatible for Editor in 0.19 ms, found 0 plugins.
Preloading 0 native plugins for Editor in 0.00 ms.
Invoked RoslynAnalysisRunner static constructor.
RoslynAnalysisRunner will not be running.
RoslynAnalysisRunner has terminated.
Mono: successfully reloaded assembly
- Completed reload, in  0.723 seconds
Platform modules already initialized, skipping
Refreshing native plugins compatible for Editor in 0.19 ms, found 0 plugins.
Preloading 0 native plugins for Editor in 0.00 ms.
Unloading 1103 Unused Serialized files (Serialized files now loaded: 0)
System memory in use before: 62.6 MB.
System memory in use after: 62.1 MB.

Unloading 18 unused Assets to reduce memory usage. Loaded Objects now: 1592.
Total: 1.714600 ms (FindLiveObjects: 0.122400 ms CreateObjectMapping: 0.029100 ms MarkObjects: 1.281800 ms  DeleteObjects: 0.280100 ms)

AssetImportWorkerClient::OnTransportError - code=2 error=End of file
